{"/Users/nargizaabdullinova/Projects/Study/Difference-Calculator/fullstack-javascript-project-46/src/index.js": {"path":"/Users/nargizaabdullinova/Projects/Study/Difference-Calculator/fullstack-javascript-project-46/src/index.js","all":false,"statementMap":{"0":{"start":{"line":1,"column":0},"end":{"line":1,"column":33}},"1":{"start":{"line":2,"column":0},"end":{"line":2,"column":42}},"2":{"start":{"line":3,"column":0},"end":{"line":3,"column":51}},"3":{"start":{"line":4,"column":0},"end":{"line":4,"column":20}},"4":{"start":{"line":5,"column":0},"end":{"line":5,"column":30}},"5":{"start":{"line":6,"column":0},"end":{"line":6,"column":2}},"6":{"start":{"line":7,"column":0},"end":{"line":7,"column":0}},"7":{"start":{"line":8,"column":0},"end":{"line":8,"column":37}},"8":{"start":{"line":9,"column":0},"end":{"line":9,"column":21}},"9":{"start":{"line":10,"column":0},"end":{"line":10,"column":68}},"10":{"start":{"line":11,"column":0},"end":{"line":11,"column":6}},"11":{"start":{"line":12,"column":0},"end":{"line":12,"column":0}},"12":{"start":{"line":13,"column":0},"end":{"line":13,"column":19}},"13":{"start":{"line":14,"column":0},"end":{"line":14,"column":56}},"14":{"start":{"line":15,"column":0},"end":{"line":15,"column":33}},"15":{"start":{"line":16,"column":0},"end":{"line":16,"column":33}},"16":{"start":{"line":17,"column":0},"end":{"line":17,"column":33}},"17":{"start":{"line":18,"column":0},"end":{"line":18,"column":38}},"18":{"start":{"line":19,"column":0},"end":{"line":19,"column":40}},"19":{"start":{"line":20,"column":0},"end":{"line":20,"column":38}},"20":{"start":{"line":21,"column":0},"end":{"line":21,"column":35}},"21":{"start":{"line":22,"column":0},"end":{"line":22,"column":38}},"22":{"start":{"line":23,"column":0},"end":{"line":23,"column":38}},"23":{"start":{"line":24,"column":0},"end":{"line":24,"column":16}},"24":{"start":{"line":25,"column":0},"end":{"line":25,"column":38}},"25":{"start":{"line":26,"column":0},"end":{"line":26,"column":9}},"26":{"start":{"line":27,"column":0},"end":{"line":27,"column":0}},"27":{"start":{"line":28,"column":0},"end":{"line":28,"column":22}},"28":{"start":{"line":29,"column":0},"end":{"line":29,"column":12}},"29":{"start":{"line":30,"column":0},"end":{"line":30,"column":2}},"30":{"start":{"line":31,"column":0},"end":{"line":31,"column":0}},"31":{"start":{"line":32,"column":0},"end":{"line":32,"column":0}},"32":{"start":{"line":33,"column":0},"end":{"line":33,"column":23}}},"s":{"0":1,"1":2,"2":2,"3":2,"4":2,"5":2,"6":1,"7":1,"8":2,"9":2,"10":2,"11":2,"12":2,"13":2,"14":10,"15":10,"16":10,"17":2,"18":10,"19":4,"20":4,"21":2,"22":2,"23":2,"24":2,"25":2,"26":10,"27":10,"28":2,"29":2,"30":1,"31":1,"32":1},"branchMap":{"0":{"type":"branch","line":1,"loc":{"start":{"line":1,"column":21},"end":{"line":6,"column":2}},"locations":[{"start":{"line":1,"column":21},"end":{"line":6,"column":2}}]},"1":{"type":"branch","line":3,"loc":{"start":{"line":3,"column":13},"end":{"line":3,"column":50}},"locations":[{"start":{"line":3,"column":13},"end":{"line":3,"column":50}}]},"2":{"type":"branch","line":8,"loc":{"start":{"line":8,"column":16},"end":{"line":30,"column":2}},"locations":[{"start":{"line":8,"column":16},"end":{"line":30,"column":2}}]},"3":{"type":"branch","line":14,"loc":{"start":{"line":14,"column":38},"end":{"line":29,"column":5}},"locations":[{"start":{"line":14,"column":38},"end":{"line":29,"column":5}}]},"4":{"type":"branch","line":17,"loc":{"start":{"line":17,"column":32},"end":{"line":19,"column":9}},"locations":[{"start":{"line":17,"column":32},"end":{"line":19,"column":9}}]},"5":{"type":"branch","line":19,"loc":{"start":{"line":19,"column":9},"end":{"line":26,"column":9}},"locations":[{"start":{"line":19,"column":9},"end":{"line":26,"column":9}}]},"6":{"type":"branch","line":19,"loc":{"start":{"line":19,"column":39},"end":{"line":26,"column":9}},"locations":[{"start":{"line":19,"column":39},"end":{"line":26,"column":9}}]},"7":{"type":"branch","line":21,"loc":{"start":{"line":21,"column":34},"end":{"line":26,"column":9}},"locations":[{"start":{"line":21,"column":34},"end":{"line":26,"column":9}}]}},"b":{"0":[2],"1":[12],"2":[2],"3":[10],"4":[2],"5":[8],"6":[4],"7":[2]},"fnMap":{"0":{"name":"prettyPrint","decl":{"start":{"line":1,"column":21},"end":{"line":6,"column":2}},"loc":{"start":{"line":1,"column":21},"end":{"line":6,"column":2}},"line":1},"1":{"name":"genDiff","decl":{"start":{"line":8,"column":16},"end":{"line":30,"column":2}},"loc":{"start":{"line":8,"column":16},"end":{"line":30,"column":2}},"line":8}},"f":{"0":2,"1":2}}
,"/Users/nargizaabdullinova/Projects/Study/Difference-Calculator/fullstack-javascript-project-46/src/parsers.js": {"path":"/Users/nargizaabdullinova/Projects/Study/Difference-Calculator/fullstack-javascript-project-46/src/parsers.js","all":false,"statementMap":{"0":{"start":{"line":1,"column":0},"end":{"line":1,"column":27}},"1":{"start":{"line":2,"column":0},"end":{"line":2,"column":0}},"2":{"start":{"line":3,"column":0},"end":{"line":3,"column":22}},"3":{"start":{"line":4,"column":0},"end":{"line":4,"column":21}},"4":{"start":{"line":5,"column":0},"end":{"line":5,"column":19}},"5":{"start":{"line":6,"column":0},"end":{"line":6,"column":20}},"6":{"start":{"line":7,"column":0},"end":{"line":7,"column":2}},"7":{"start":{"line":8,"column":0},"end":{"line":8,"column":0}},"8":{"start":{"line":9,"column":0},"end":{"line":9,"column":36}},"9":{"start":{"line":10,"column":0},"end":{"line":10,"column":41}},"10":{"start":{"line":11,"column":0},"end":{"line":11,"column":23}},"11":{"start":{"line":12,"column":0},"end":{"line":12,"column":2}}},"s":{"0":1,"1":1,"2":1,"3":1,"4":1,"5":1,"6":1,"7":1,"8":1,"9":4,"10":4,"11":4},"branchMap":{"0":{"type":"branch","line":9,"loc":{"start":{"line":9,"column":15},"end":{"line":12,"column":2}},"locations":[{"start":{"line":9,"column":15},"end":{"line":12,"column":2}}]}},"b":{"0":[4]},"fnMap":{"0":{"name":"default","decl":{"start":{"line":9,"column":15},"end":{"line":12,"column":2}},"loc":{"start":{"line":9,"column":15},"end":{"line":12,"column":2}},"line":9}},"f":{"0":4}}
}
