TN:
SF:src/index.js
FN:1,prettyPrint
FN:8,genDiff
FNF:2
FNH:2
FNDA:2,prettyPrint
FNDA:2,genDiff
DA:1,1
DA:2,2
DA:3,2
DA:4,2
DA:5,2
DA:6,2
DA:7,1
DA:8,1
DA:9,2
DA:10,2
DA:11,2
DA:12,2
DA:13,2
DA:14,2
DA:15,10
DA:16,10
DA:17,10
DA:18,2
DA:19,10
DA:20,4
DA:21,4
DA:22,2
DA:23,2
DA:24,2
DA:25,2
DA:26,2
DA:27,10
DA:28,10
DA:29,2
DA:30,2
DA:31,1
DA:32,1
DA:33,1
LF:33
LH:33
BRDA:1,0,0,2
BRDA:3,1,0,12
BRDA:8,2,0,2
BRDA:14,3,0,10
BRDA:17,4,0,2
BRDA:19,5,0,8
BRDA:19,6,0,4
BRDA:21,7,0,2
BRF:8
BRH:8
end_of_record
TN:
SF:src/parsers.js
FN:9,default
FNF:1
FNH:1
FNDA:4,default
DA:1,1
DA:2,1
DA:3,1
DA:4,1
DA:5,1
DA:6,1
DA:7,1
DA:8,1
DA:9,1
DA:10,4
DA:11,4
DA:12,4
LF:12
LH:12
BRDA:9,0,0,4
BRF:1
BRH:1
end_of_record
